<?xml version="1.0" encoding="UTF-8"?>
<testsuite name="com.kspt.app.ApplicationTests" tests="1" skipped="0" failures="0" errors="0" timestamp="2020-03-10T15:30:30" hostname="MacBook-Air-Maria.local" time="0.154">
  <properties/>
  <testcase name="contextLoads" classname="com.kspt.app.ApplicationTests" time="0.154"/>
  <system-out><![CDATA[18:30:17.322 [Test worker] DEBUG org.springframework.test.context.junit4.SpringJUnit4ClassRunner - SpringJUnit4ClassRunner constructor called with [class com.kspt.app.ApplicationTests]
18:30:17.360 [Test worker] DEBUG org.springframework.test.context.BootstrapUtils - Instantiating CacheAwareContextLoaderDelegate from class [org.springframework.test.context.cache.DefaultCacheAwareContextLoaderDelegate]
18:30:17.385 [Test worker] DEBUG org.springframework.test.context.BootstrapUtils - Instantiating BootstrapContext using constructor [public org.springframework.test.context.support.DefaultBootstrapContext(java.lang.Class,org.springframework.test.context.CacheAwareContextLoaderDelegate)]
18:30:17.437 [Test worker] DEBUG org.springframework.test.context.BootstrapUtils - Instantiating TestContextBootstrapper for test class [com.kspt.app.ApplicationTests] from class [org.springframework.boot.test.context.SpringBootTestContextBootstrapper]
18:30:17.496 [Test worker] INFO org.springframework.boot.test.context.SpringBootTestContextBootstrapper - Neither @ContextConfiguration nor @ContextHierarchy found for test class [com.kspt.app.ApplicationTests], using SpringBootContextLoader
18:30:17.513 [Test worker] DEBUG org.springframework.test.context.support.AbstractContextLoader - Did not detect default resource location for test class [com.kspt.app.ApplicationTests]: class path resource [com/kspt/app/ApplicationTests-context.xml] does not exist
18:30:17.524 [Test worker] DEBUG org.springframework.test.context.support.AbstractContextLoader - Did not detect default resource location for test class [com.kspt.app.ApplicationTests]: class path resource [com/kspt/app/ApplicationTestsContext.groovy] does not exist
18:30:17.525 [Test worker] INFO org.springframework.test.context.support.AbstractContextLoader - Could not detect default resource locations for test class [com.kspt.app.ApplicationTests]: no resource found for suffixes {-context.xml, Context.groovy}.
18:30:17.533 [Test worker] INFO org.springframework.test.context.support.AnnotationConfigContextLoaderUtils - Could not detect default configuration classes for test class [com.kspt.app.ApplicationTests]: ApplicationTests does not declare any static, non-private, non-final, nested classes annotated with @Configuration.
18:30:17.649 [Test worker] DEBUG org.springframework.test.context.support.ActiveProfilesUtils - Could not find an 'annotation declaring class' for annotation type [org.springframework.test.context.ActiveProfiles] and class [com.kspt.app.ApplicationTests]
18:30:17.899 [Test worker] DEBUG org.springframework.context.annotation.ClassPathScanningCandidateComponentProvider - Identified candidate component class: file [/Users/maria/Documents/GitHub/taxi-service/core/build/classes/java/main/com/kspt/app/Application.class]
18:30:17.965 [Test worker] INFO org.springframework.boot.test.context.SpringBootTestContextBootstrapper - Found @SpringBootConfiguration com.kspt.app.Application for test class com.kspt.app.ApplicationTests
18:30:18.211 [Test worker] DEBUG org.springframework.boot.test.context.SpringBootTestContextBootstrapper - @TestExecutionListeners is not present for class [com.kspt.app.ApplicationTests]: using defaults.
18:30:18.220 [Test worker] INFO org.springframework.boot.test.context.SpringBootTestContextBootstrapper - Loaded default TestExecutionListener class names from location [META-INF/spring.factories]: [org.springframework.boot.test.autoconfigure.restdocs.RestDocsTestExecutionListener, org.springframework.boot.test.autoconfigure.web.client.MockRestServiceServerResetTestExecutionListener, org.springframework.boot.test.autoconfigure.web.servlet.MockMvcPrintOnlyOnFailureTestExecutionListener, org.springframework.boot.test.autoconfigure.web.servlet.WebDriverTestExecutionListener, org.springframework.boot.test.mock.mockito.MockitoTestExecutionListener, org.springframework.boot.test.mock.mockito.ResetMocksTestExecutionListener, org.springframework.test.context.web.ServletTestExecutionListener, org.springframework.test.context.support.DirtiesContextBeforeModesTestExecutionListener, org.springframework.test.context.support.DependencyInjectionTestExecutionListener, org.springframework.test.context.support.DirtiesContextTestExecutionListener, org.springframework.test.context.transaction.TransactionalTestExecutionListener, org.springframework.test.context.jdbc.SqlScriptsTestExecutionListener]
18:30:18.276 [Test worker] INFO org.springframework.boot.test.context.SpringBootTestContextBootstrapper - Using TestExecutionListeners: [org.springframework.test.context.web.ServletTestExecutionListener@6163d104, org.springframework.test.context.support.DirtiesContextBeforeModesTestExecutionListener@2c1fe2be, org.springframework.boot.test.mock.mockito.MockitoTestExecutionListener@628a905e, org.springframework.boot.test.autoconfigure.SpringBootDependencyInjectionTestExecutionListener@2236137a, org.springframework.test.context.support.DirtiesContextTestExecutionListener@5da21dc9, org.springframework.test.context.transaction.TransactionalTestExecutionListener@efb1ed1, org.springframework.test.context.jdbc.SqlScriptsTestExecutionListener@38c56730, org.springframework.boot.test.autoconfigure.restdocs.RestDocsTestExecutionListener@2a7a1e91, org.springframework.boot.test.autoconfigure.web.client.MockRestServiceServerResetTestExecutionListener@67fb1242, org.springframework.boot.test.autoconfigure.web.servlet.MockMvcPrintOnlyOnFailureTestExecutionListener@31a085fa, org.springframework.boot.test.autoconfigure.web.servlet.WebDriverTestExecutionListener@22cf9819, org.springframework.boot.test.mock.mockito.ResetMocksTestExecutionListener@583b9447]
18:30:18.284 [Test worker] DEBUG org.springframework.test.annotation.ProfileValueUtils - Retrieved @ProfileValueSourceConfiguration [null] for test class [com.kspt.app.ApplicationTests]
18:30:18.288 [Test worker] DEBUG org.springframework.test.annotation.ProfileValueUtils - Retrieved ProfileValueSource type [class org.springframework.test.annotation.SystemProfileValueSource] for class [com.kspt.app.ApplicationTests]
18:30:18.289 [Test worker] DEBUG org.springframework.test.annotation.ProfileValueUtils - Retrieved @ProfileValueSourceConfiguration [null] for test class [com.kspt.app.ApplicationTests]
18:30:18.290 [Test worker] DEBUG org.springframework.test.annotation.ProfileValueUtils - Retrieved ProfileValueSource type [class org.springframework.test.annotation.SystemProfileValueSource] for class [com.kspt.app.ApplicationTests]
18:30:18.303 [Test worker] DEBUG org.springframework.test.context.support.AbstractDirtiesContextTestExecutionListener - Before test class: context [DefaultTestContext@300ab90d testClass = ApplicationTests, testInstance = [null], testMethod = [null], testException = [null], mergedContextConfiguration = [WebMergedContextConfiguration@719474cc testClass = ApplicationTests, locations = '{}', classes = '{class com.kspt.app.Application}', contextInitializerClasses = '[]', activeProfiles = '{}', propertySourceLocations = '{}', propertySourceProperties = '{org.springframework.boot.test.context.SpringBootTestContextBootstrapper=true}', contextCustomizers = set[org.springframework.boot.test.autoconfigure.properties.PropertyMappingContextCustomizer@0, org.springframework.boot.test.autoconfigure.web.servlet.WebDriverContextCustomizerFactory$Customizer@1a95fd18, org.springframework.boot.test.context.filter.ExcludeFilterContextCustomizer@78592cf0, org.springframework.boot.test.json.DuplicateJsonObjectContextCustomizerFactory$DuplicateJsonObjectContextCustomizer@136e04c8, org.springframework.boot.test.mock.mockito.MockitoContextCustomizer@0, org.springframework.boot.test.web.client.TestRestTemplateContextCustomizer@409b1223], resourceBasePath = 'src/main/webapp', contextLoader = 'org.springframework.boot.test.context.SpringBootContextLoader', parent = [null]], attributes = map['org.springframework.test.context.web.ServletTestExecutionListener.activateListener' -> true]], class annotated with @DirtiesContext [false] with mode [null].
18:30:18.304 [Test worker] DEBUG org.springframework.test.annotation.ProfileValueUtils - Retrieved @ProfileValueSourceConfiguration [null] for test class [com.kspt.app.ApplicationTests]
18:30:18.306 [Test worker] DEBUG org.springframework.test.annotation.ProfileValueUtils - Retrieved ProfileValueSource type [class org.springframework.test.annotation.SystemProfileValueSource] for class [com.kspt.app.ApplicationTests]
18:30:18.380 [Test worker] DEBUG org.springframework.test.context.support.TestPropertySourceUtils - Adding inlined properties to environment: {spring.jmx.enabled=false, org.springframework.boot.test.context.SpringBootTestContextBootstrapper=true, server.port=-1}

  .   ____          _            __ _ _
 /\\ / ___'_ __ _ _(_)_ __  __ _ \ \ \ \
( ( )\___ | '_ | '_| | '_ \/ _` | \ \ \ \
 \\/  ___)| |_)| | | | | || (_| |  ) ) ) )
  '  |____| .__|_| |_|_| |_\__, | / / / /
 =========|_|==============|___/=/_/_/_/
 :: Spring Boot ::        (v2.1.3.RELEASE)

2020-03-10 18:30:19.416  INFO 3146 --- [    Test worker] com.kspt.app.ApplicationTests            : Starting ApplicationTests on MacBook-Air-Maria.local with PID 3146 (started by maria in /Users/maria/Documents/GitHub/taxi-service/core)
2020-03-10 18:30:19.427  INFO 3146 --- [    Test worker] com.kspt.app.ApplicationTests            : No active profile set, falling back to default profiles: default
2020-03-10 18:30:21.474  INFO 3146 --- [    Test worker] .s.d.r.c.RepositoryConfigurationDelegate : Bootstrapping Spring Data repositories in DEFAULT mode.
2020-03-10 18:30:21.721  INFO 3146 --- [    Test worker] .s.d.r.c.RepositoryConfigurationDelegate : Finished Spring Data repository scanning in 233ms. Found 3 repository interfaces.
2020-03-10 18:30:22.634  INFO 3146 --- [    Test worker] trationDelegate$BeanPostProcessorChecker : Bean 'org.springframework.transaction.annotation.ProxyTransactionManagementConfiguration' of type [org.springframework.transaction.annotation.ProxyTransactionManagementConfiguration$$EnhancerBySpringCGLIB$$3206f70e] is not eligible for getting processed by all BeanPostProcessors (for example: not eligible for auto-proxying)
2020-03-10 18:30:23.044  INFO 3146 --- [    Test worker] com.zaxxer.hikari.HikariDataSource       : HikariPool-1 - Starting...
2020-03-10 18:30:23.280  INFO 3146 --- [    Test worker] com.zaxxer.hikari.HikariDataSource       : HikariPool-1 - Start completed.
2020-03-10 18:30:23.476  INFO 3146 --- [    Test worker] o.hibernate.jpa.internal.util.LogHelper  : HHH000204: Processing PersistenceUnitInfo [
	name: default
	...]
2020-03-10 18:30:23.609  INFO 3146 --- [    Test worker] org.hibernate.Version                    : HHH000412: Hibernate Core {5.3.7.Final}
2020-03-10 18:30:23.611  INFO 3146 --- [    Test worker] org.hibernate.cfg.Environment            : HHH000206: hibernate.properties not found
2020-03-10 18:30:24.002  INFO 3146 --- [    Test worker] o.hibernate.annotations.common.Version   : HCANN000001: Hibernate Commons Annotations {5.0.4.Final}
2020-03-10 18:30:24.356  INFO 3146 --- [    Test worker] org.hibernate.dialect.Dialect            : HHH000400: Using dialect: org.hibernate.dialect.PostgreSQLDialect
2020-03-10 18:30:24.898  INFO 3146 --- [    Test worker] o.h.e.j.e.i.LobCreatorBuilderImpl        : HHH000421: Disabling contextual LOB creation as hibernate.jdbc.lob.non_contextual_creation is true
2020-03-10 18:30:24.908  INFO 3146 --- [    Test worker] org.hibernate.type.BasicTypeRegistry     : HHH000270: Type registration [java.util.UUID] overrides previous : org.hibernate.type.UUIDBinaryType@107077db
2020-03-10 18:30:26.893  INFO 3146 --- [    Test worker] j.LocalContainerEntityManagerFactoryBean : Initialized JPA EntityManagerFactory for persistence unit 'default'
2020-03-10 18:30:28.169  WARN 3146 --- [    Test worker] aWebConfiguration$JpaWebMvcConfiguration : spring.jpa.open-in-view is enabled by default. Therefore, database queries may be performed during view rendering. Explicitly configure spring.jpa.open-in-view to disable this warning
2020-03-10 18:30:28.508  INFO 3146 --- [    Test worker] pertySourcedRequestMappingHandlerMapping : Mapped URL path [/v2/api-docs] onto method [public org.springframework.http.ResponseEntity<springfox.documentation.spring.web.json.Json> springfox.documentation.swagger2.web.Swagger2Controller.getDocumentation(java.lang.String,javax.servlet.http.HttpServletRequest)]
2020-03-10 18:30:29.313  INFO 3146 --- [    Test worker] o.s.s.concurrent.ThreadPoolTaskExecutor  : Initializing ExecutorService 'applicationTaskExecutor'
2020-03-10 18:30:29.887  INFO 3146 --- [    Test worker] d.s.w.p.DocumentationPluginsBootstrapper : Context refreshed
2020-03-10 18:30:29.923  INFO 3146 --- [    Test worker] d.s.w.p.DocumentationPluginsBootstrapper : Found 1 custom documentation plugin(s)
2020-03-10 18:30:29.953  INFO 3146 --- [    Test worker] s.d.s.w.s.ApiListingReferenceScanner     : Scanning for api listing references
2020-03-10 18:30:30.154  INFO 3146 --- [    Test worker] com.kspt.app.ApplicationTests            : Started ApplicationTests in 11.749 seconds (JVM running for 15.349)
]]></system-out>
  <system-err><![CDATA[]]></system-err>
</testsuite>
